
*** Running vivado
    with args -log spiking_neuron.vds -m64 -product Vivado -mode batch -messageDb vivado.pb -notrace -source spiking_neuron.tcl


ECHO is off.
ECHO is off.

****** Vivado v2023.2 (64-bit)
  **** SW Build 4029153 on Fri Oct 13 20:14:34 MDT 2023
  **** IP Build 4028589 on Sat Oct 14 00:45:43 MDT 2023
  **** SharedData Build 4025554 on Tue Oct 10 17:18:54 MDT 2023
    ** Copyright 1986-2022 Xilinx, Inc. All Rights Reserved.
    ** Copyright 2022-2023 Advanced Micro Devices, Inc. All Rights Reserved.

source spiking_neuron.tcl -notrace
create_project: Time (s): cpu = 00:00:03 ; elapsed = 00:00:07 . Memory (MB): peak = 472.855 ; gain = 179.562
Command: read_checkpoint -auto_incremental -incremental {C:/Users/blake/OneDrive - Cal Poly/Spring2024/CSC570/CSC570ComputationalNeuroscience/implementation_Basys3/implementation_Basys3.srcs/utils_1/imports/synth_1/Simple_Neuron.dcp}
INFO: [Vivado 12-5825] Read reference checkpoint from C:/Users/blake/OneDrive - Cal Poly/Spring2024/CSC570/CSC570ComputationalNeuroscience/implementation_Basys3/implementation_Basys3.srcs/utils_1/imports/synth_1/Simple_Neuron.dcp for incremental synthesis
INFO: [Vivado 12-7989] Please ensure there are no constraint changes
Command: synth_design -top spiking_neuron -part xc7z010iclg225-1L
Starting synth_design
Attempting to get a license for feature 'Synthesis' and/or device 'xc7z010i'
INFO: [Common 17-349] Got license for feature 'Synthesis' and/or device 'xc7z010i'
INFO: [Designutils 20-5440] No compile time benefit to using incremental synthesis; A full resynthesis will be run
INFO: [Designutils 20-4379] Flow is switching to default flow due to incremental criteria not met. If you would like to alter this behaviour and have the flow terminate instead, please set the following parameter config_implementation {autoIncr.Synth.RejectBehavior Terminate}
INFO: [Synth 8-7079] Multithreading enabled for synth_design using a maximum of 2 processes.
INFO: [Synth 8-7078] Launching helper process for spawning children vivado processes
INFO: [Synth 8-7075] Helper process launched with PID 23048
---------------------------------------------------------------------------------
Starting Synthesize : Time (s): cpu = 00:00:03 ; elapsed = 00:00:07 . Memory (MB): peak = 924.629 ; gain = 439.270
---------------------------------------------------------------------------------
WARNING: [Synth 8-10604] concatenation with an unsized literal will be treated as 32 bits [C:/Users/blake/OneDrive - Cal Poly/Spring2024/CSC570/CSC570ComputationalNeuroscience/implementation_Basys3/spiking_neuron.sv:3]
WARNING: [Synth 8-10604] concatenation with an unsized literal will be treated as 32 bits [C:/Users/blake/OneDrive - Cal Poly/Spring2024/CSC570/CSC570ComputationalNeuroscience/implementation_Basys3/spiking_neuron.sv:3]
WARNING: [Synth 8-10604] concatenation with an unsized literal will be treated as 32 bits [C:/Users/blake/OneDrive - Cal Poly/Spring2024/CSC570/CSC570ComputationalNeuroscience/implementation_Basys3/spiking_neuron.sv:3]
WARNING: [Synth 8-10604] concatenation with an unsized literal will be treated as 32 bits [C:/Users/blake/OneDrive - Cal Poly/Spring2024/CSC570/CSC570ComputationalNeuroscience/implementation_Basys3/spiking_neuron.sv:3]
INFO: [Synth 8-6157] synthesizing module 'spiking_neuron' [C:/Users/blake/OneDrive - Cal Poly/Spring2024/CSC570/CSC570ComputationalNeuroscience/implementation_Basys3/spiking_neuron.sv:1]
INFO: [Synth 8-6155] done synthesizing module 'spiking_neuron' (0#1) [C:/Users/blake/OneDrive - Cal Poly/Spring2024/CSC570/CSC570ComputationalNeuroscience/implementation_Basys3/spiking_neuron.sv:1]
WARNING: [Synth 8-7129] Port positive_spike[0] in module spiking_neuron is either unconnected or has no load
WARNING: [Synth 8-7129] Port positive_spike[1] in module spiking_neuron is either unconnected or has no load
WARNING: [Synth 8-7129] Port positive_spike[2] in module spiking_neuron is either unconnected or has no load
WARNING: [Synth 8-7129] Port positive_spike[3] in module spiking_neuron is either unconnected or has no load
WARNING: [Synth 8-7129] Port negative_spike[0] in module spiking_neuron is either unconnected or has no load
WARNING: [Synth 8-7129] Port negative_spike[1] in module spiking_neuron is either unconnected or has no load
WARNING: [Synth 8-7129] Port negative_spike[2] in module spiking_neuron is either unconnected or has no load
WARNING: [Synth 8-7129] Port negative_spike[3] in module spiking_neuron is either unconnected or has no load
---------------------------------------------------------------------------------
Finished Synthesize : Time (s): cpu = 00:00:04 ; elapsed = 00:00:08 . Memory (MB): peak = 1031.320 ; gain = 545.961
---------------------------------------------------------------------------------
---------------------------------------------------------------------------------
Finished Constraint Validation : Time (s): cpu = 00:00:05 ; elapsed = 00:00:09 . Memory (MB): peak = 1031.320 ; gain = 545.961
---------------------------------------------------------------------------------
---------------------------------------------------------------------------------
Start Loading Part and Timing Information
---------------------------------------------------------------------------------
Loading part: xc7z010iclg225-1L
---------------------------------------------------------------------------------
Finished Loading Part and Timing Information : Time (s): cpu = 00:00:05 ; elapsed = 00:00:09 . Memory (MB): peak = 1031.320 ; gain = 545.961
---------------------------------------------------------------------------------
INFO: [Device 21-403] Loading part xc7z010iclg225-1L
---------------------------------------------------------------------------------
Finished RTL Optimization Phase 2 : Time (s): cpu = 00:00:05 ; elapsed = 00:00:09 . Memory (MB): peak = 1031.320 ; gain = 545.961
---------------------------------------------------------------------------------
No constraint files found.
---------------------------------------------------------------------------------
Start RTL Component Statistics 
---------------------------------------------------------------------------------
Detailed RTL Component Info : 
+---Adders : 
	   2 Input    4 Bit       Adders := 2     
+---Registers : 
	                4 Bit    Registers := 1     
	                1 Bit    Registers := 2     
+---Muxes : 
	   2 Input    4 Bit        Muxes := 2     
---------------------------------------------------------------------------------
Finished RTL Component Statistics 
---------------------------------------------------------------------------------
---------------------------------------------------------------------------------
Start Part Resource Summary
---------------------------------------------------------------------------------
Part Resources:
DSPs: 80 (col length:40)
BRAMs: 120 (col length: RAMB18 40 RAMB36 20)
---------------------------------------------------------------------------------
Finished Part Resource Summary
---------------------------------------------------------------------------------
No constraint files found.
---------------------------------------------------------------------------------
Start Cross Boundary and Area Optimization
---------------------------------------------------------------------------------
WARNING: [Synth 8-7080] Parallel synthesis criteria is not met
WARNING: [Synth 8-7129] Port positive_spike[0] in module spiking_neuron is either unconnected or has no load
WARNING: [Synth 8-7129] Port positive_spike[1] in module spiking_neuron is either unconnected or has no load
WARNING: [Synth 8-7129] Port positive_spike[2] in module spiking_neuron is either unconnected or has no load
WARNING: [Synth 8-7129] Port positive_spike[3] in module spiking_neuron is either unconnected or has no load
WARNING: [Synth 8-7129] Port negative_spike[0] in module spiking_neuron is either unconnected or has no load
WARNING: [Synth 8-7129] Port negative_spike[1] in module spiking_neuron is either unconnected or has no load
WARNING: [Synth 8-7129] Port negative_spike[2] in module spiking_neuron is either unconnected or has no load
WARNING: [Synth 8-7129] Port negative_spike[3] in module spiking_neuron is either unconnected or has no load
---------------------------------------------------------------------------------
Finished Cross Boundary and Area Optimization : Time (s): cpu = 00:00:08 ; elapsed = 00:00:17 . Memory (MB): peak = 1220.473 ; gain = 735.113
---------------------------------------------------------------------------------
No constraint files found.
---------------------------------------------------------------------------------
Start Timing Optimization
---------------------------------------------------------------------------------
---------------------------------------------------------------------------------
Finished Timing Optimization : Time (s): cpu = 00:00:08 ; elapsed = 00:00:17 . Memory (MB): peak = 1220.473 ; gain = 735.113
---------------------------------------------------------------------------------
---------------------------------------------------------------------------------
Start Technology Mapping
---------------------------------------------------------------------------------
---------------------------------------------------------------------------------
Finished Technology Mapping : Time (s): cpu = 00:00:08 ; elapsed = 00:00:17 . Memory (MB): peak = 1220.473 ; gain = 735.113
---------------------------------------------------------------------------------
---------------------------------------------------------------------------------
Start IO Insertion
---------------------------------------------------------------------------------
---------------------------------------------------------------------------------
Start Flattening Before IO Insertion
---------------------------------------------------------------------------------
---------------------------------------------------------------------------------
Finished Flattening Before IO Insertion
---------------------------------------------------------------------------------
---------------------------------------------------------------------------------
Start Final Netlist Cleanup
---------------------------------------------------------------------------------
---------------------------------------------------------------------------------
Finished Final Netlist Cleanup
---------------------------------------------------------------------------------
---------------------------------------------------------------------------------
Finished IO Insertion : Time (s): cpu = 00:00:10 ; elapsed = 00:00:22 . Memory (MB): peak = 1220.473 ; gain = 735.113
---------------------------------------------------------------------------------
---------------------------------------------------------------------------------
Start Renaming Generated Instances
---------------------------------------------------------------------------------
---------------------------------------------------------------------------------
Finished Renaming Generated Instances : Time (s): cpu = 00:00:10 ; elapsed = 00:00:22 . Memory (MB): peak = 1220.473 ; gain = 735.113
---------------------------------------------------------------------------------
---------------------------------------------------------------------------------
Start Rebuilding User Hierarchy
---------------------------------------------------------------------------------
---------------------------------------------------------------------------------
Finished Rebuilding User Hierarchy : Time (s): cpu = 00:00:10 ; elapsed = 00:00:22 . Memory (MB): peak = 1220.473 ; gain = 735.113
---------------------------------------------------------------------------------
---------------------------------------------------------------------------------
Start Renaming Generated Ports
---------------------------------------------------------------------------------
---------------------------------------------------------------------------------
Finished Renaming Generated Ports : Time (s): cpu = 00:00:10 ; elapsed = 00:00:22 . Memory (MB): peak = 1220.473 ; gain = 735.113
---------------------------------------------------------------------------------
---------------------------------------------------------------------------------
Start Handling Custom Attributes
---------------------------------------------------------------------------------
---------------------------------------------------------------------------------
Finished Handling Custom Attributes : Time (s): cpu = 00:00:10 ; elapsed = 00:00:22 . Memory (MB): peak = 1220.473 ; gain = 735.113
---------------------------------------------------------------------------------
---------------------------------------------------------------------------------
Start Renaming Generated Nets
---------------------------------------------------------------------------------
---------------------------------------------------------------------------------
Finished Renaming Generated Nets : Time (s): cpu = 00:00:10 ; elapsed = 00:00:22 . Memory (MB): peak = 1220.473 ; gain = 735.113
---------------------------------------------------------------------------------
---------------------------------------------------------------------------------
Start Writing Synthesis Report
---------------------------------------------------------------------------------

Report BlackBoxes: 
+-+--------------+----------+
| |BlackBox name |Instances |
+-+--------------+----------+
+-+--------------+----------+

Report Cell Usage: 
+------+-----+------+
|      |Cell |Count |
+------+-----+------+
|1     |OBUF |     2|
+------+-----+------+

Report Instance Areas: 
+------+---------+-------+------+
|      |Instance |Module |Cells |
+------+---------+-------+------+
|1     |top      |       |     2|
+------+---------+-------+------+
---------------------------------------------------------------------------------
Finished Writing Synthesis Report : Time (s): cpu = 00:00:10 ; elapsed = 00:00:22 . Memory (MB): peak = 1220.473 ; gain = 735.113
---------------------------------------------------------------------------------
Synthesis finished with 0 errors, 0 critical warnings and 21 warnings.
Synthesis Optimization Runtime : Time (s): cpu = 00:00:10 ; elapsed = 00:00:22 . Memory (MB): peak = 1220.473 ; gain = 735.113
Synthesis Optimization Complete : Time (s): cpu = 00:00:10 ; elapsed = 00:00:22 . Memory (MB): peak = 1220.473 ; gain = 735.113
INFO: [Project 1-571] Translating synthesized netlist
Netlist sorting complete. Time (s): cpu = 00:00:00 ; elapsed = 00:00:00 . Memory (MB): peak = 1228.242 ; gain = 0.000
INFO: [Project 1-570] Preparing netlist for logic optimization
INFO: [Opt 31-138] Pushed 0 inverter(s) to 0 load pin(s).
Netlist sorting complete. Time (s): cpu = 00:00:00 ; elapsed = 00:00:00 . Memory (MB): peak = 1333.262 ; gain = 0.000
INFO: [Project 1-111] Unisim Transformation Summary:
No Unisim elements were transformed.

Access is denied.
Synth Design complete | Checksum: c81afec8
INFO: [Common 17-83] Releasing license: Synthesis
16 Infos, 21 Warnings, 0 Critical Warnings and 0 Errors encountered.
synth_design completed successfully
synth_design: Time (s): cpu = 00:00:11 ; elapsed = 00:00:24 . Memory (MB): peak = 1333.262 ; gain = 855.477
Write ShapeDB Complete: Time (s): cpu = 00:00:00 ; elapsed = 00:00:00.001 . Memory (MB): peak = 1333.262 ; gain = 0.000
INFO: [Common 17-1381] The checkpoint 'C:/Users/blake/OneDrive - Cal Poly/Spring2024/CSC570/CSC570ComputationalNeuroscience/implementation_Basys3/implementation_Basys3.runs/synth_1/spiking_neuron.dcp' has been generated.
INFO: [runtcl-4] Executing : report_utilization -file spiking_neuron_utilization_synth.rpt -pb spiking_neuron_utilization_synth.pb
INFO: [Common 17-206] Exiting Vivado at Wed May  1 19:28:49 2024...
