INFO: [VRFC 10-2263] Analyzing SystemVerilog file "E:/Seth stuff/to_appease_the_haters/CSC570ComputationalNeuroscience/implementation_Basys3/implementation_Basys3.srcs/sources_1/new/mem_reader.sv" into library xil_defaultlib
INFO: [VRFC 10-311] analyzing module Memory_Reader
WARNING: [VRFC 10-3467] initial value of parameter 'IN_WIDTH' is omitted [E:/Seth stuff/to_appease_the_haters/CSC570ComputationalNeuroscience/implementation_Basys3/implementation_Basys3.srcs/sources_1/new/mem_reader.sv:47]
INFO: [VRFC 10-2263] Analyzing SystemVerilog file "E:/Seth stuff/to_appease_the_haters/CSC570ComputationalNeuroscience/implementation_Basys3/neural_net.sv" into library xil_defaultlib
INFO: [VRFC 10-311] analyzing module neural_net
WARNING: [VRFC 10-3380] identifier 'LAYER_WIDTHS' is used before its declaration [E:/Seth stuff/to_appease_the_haters/CSC570ComputationalNeuroscience/implementation_Basys3/neural_net.sv:4]
WARNING: [VRFC 10-3380] identifier 'LAYER_WIDTHS' is used before its declaration [E:/Seth stuff/to_appease_the_haters/CSC570ComputationalNeuroscience/implementation_Basys3/neural_net.sv:5]
INFO: [VRFC 10-2263] Analyzing SystemVerilog file "E:/Seth stuff/to_appease_the_haters/CSC570ComputationalNeuroscience/implementation_Basys3/neuron.sv" into library xil_defaultlib
INFO: [VRFC 10-311] analyzing module Simple_Neuron
INFO: [VRFC 10-2263] Analyzing SystemVerilog file "E:/Seth stuff/to_appease_the_haters/CSC570ComputationalNeuroscience/implementation_Basys3/implementation_Basys3.srcs/sources_1/new/neuron_layer.sv" into library xil_defaultlib
INFO: [VRFC 10-311] analyzing module neuron_layer
WARNING: [VRFC 10-3467] initial value of parameter 'LAYER_NUM' is omitted [E:/Seth stuff/to_appease_the_haters/CSC570ComputationalNeuroscience/implementation_Basys3/implementation_Basys3.srcs/sources_1/new/neuron_layer.sv:24]
WARNING: [VRFC 10-3467] initial value of parameter 'PREV_WIDTH' is omitted [E:/Seth stuff/to_appease_the_haters/CSC570ComputationalNeuroscience/implementation_Basys3/implementation_Basys3.srcs/sources_1/new/neuron_layer.sv:25]
WARNING: [VRFC 10-3467] initial value of parameter 'WIDTH' is omitted [E:/Seth stuff/to_appease_the_haters/CSC570ComputationalNeuroscience/implementation_Basys3/implementation_Basys3.srcs/sources_1/new/neuron_layer.sv:26]
WARNING: [VRFC 10-3467] initial value of parameter 'WEIGHTS' is omitted [E:/Seth stuff/to_appease_the_haters/CSC570ComputationalNeuroscience/implementation_Basys3/implementation_Basys3.srcs/sources_1/new/neuron_layer.sv:27]
WARNING: [VRFC 10-3467] initial value of parameter 'BIASES' is omitted [E:/Seth stuff/to_appease_the_haters/CSC570ComputationalNeuroscience/implementation_Basys3/implementation_Basys3.srcs/sources_1/new/neuron_layer.sv:28]
INFO: [VRFC 10-2263] Analyzing SystemVerilog file "E:/Seth stuff/to_appease_the_haters/CSC570ComputationalNeuroscience/implementation_Basys3/simple_tests.sv" into library xil_defaultlib
INFO: [VRFC 10-311] analyzing module max_index
INFO: [VRFC 10-311] analyzing module simple_tests
WARNING: [VRFC 10-3824] variable 'max_index' must explicitly be declared as automatic or static [E:/Seth stuff/to_appease_the_haters/CSC570ComputationalNeuroscience/implementation_Basys3/simple_tests.sv:41]
